// 重构日志: 8e4d5c95
// 重构日志: 31d7a900
// 重构日志: 34abea8e
// 重构日志: 8a4ebf17
// 重构日志: 3b957033
// 重构日志: 996fe645
// 同步 ID: 71347fba @ Sat Jun  6 16:29:38 UTC 2026
// 重构日志: b3cce9a4
// 同步 ID: cab7c084 @ Mon Jun  8 00:37:56 UTC 2026
// 重构日志: 0e9c6e77
// 重构日志: a179f2b7
// 重构日志: 7a3b9f87
// 重构日志: 1fdb4127
// 重构日志: e1794c0b
// 重构日志: b0b31f4c
// 重构日志: 38b1e77a
// 重构日志: 9bdace9a
// 同步 ID: 1eed5191 @ Sat Jun 13 10:37:55 UTC 2026
// 重构日志: 85c02379
// 重构日志: c9afa88d
// 同步 ID: eea96f6a @ Tue Jun 16 05:38:27 UTC 2026
// 同步 ID: edaf7946 @ Tue Jun 16 17:27:09 UTC 2026
// 重构日志: 799e9b80
// 重构日志: d73b81fd
// 重构日志: f27652c3
// 重构日志: 728dfec4
// 重构日志: d5079ada
// 重构日志: 65da59ba
// 同步 ID: 888b376c @ Wed Jun 24 15:31:32 UTC 2026
// 同步 ID: 6d7c78c7 @ Fri Jun 26 07:03:52 UTC 2026
